\BOOKMARK [1][-]{section.1}{Introduction}{}% 1
\BOOKMARK [1][-]{section.2}{Results}{}% 2
\BOOKMARK [2][-]{subsection.2.1}{Analysis of single-cell transcriptome supports continuum of cell states}{section.2}% 3
\BOOKMARK [2][-]{subsection.2.2}{Model of neural crest cell migration}{section.2}% 4
\BOOKMARK [3][-]{subsubsection.2.2.1}{Cell-induced gradient}{subsection.2.2}% 5
\BOOKMARK [3][-]{subsubsection.2.2.2}{Cell movement}{subsection.2.2}% 6
\BOOKMARK [3][-]{subsubsection.2.2.3}{Signal choice model}{subsection.2.2}% 7
\BOOKMARK [3][-]{subsubsection.2.2.4}{Signal combination model}{subsection.2.2}% 8
\BOOKMARK [2][-]{subsection.2.3}{Continuous states migrate further than discrete states}{section.2}% 9
\BOOKMARK [2][-]{subsection.2.4}{Reducing contact guidance persistence reduces cell number and distance migrated}{section.2}% 10
\BOOKMARK [2][-]{subsection.2.5}{Shallower cell-induced gradients enable the signal combination model}{section.2}% 11
\BOOKMARK [1][-]{section.3}{Conclusions}{}% 12
\BOOKMARK [1][-]{section.4}{Supplementary methods}{}% 13
\BOOKMARK [2][-]{subsection.4.1}{Chemoattractant reaction-diffusion on a growing domain}{section.4}% 14
\BOOKMARK [3][-]{subsubsection.4.1.1}{Domain growth}{subsection.4.1}% 15
\BOOKMARK [3][-]{subsubsection.4.1.2}{Chemoattractant reaction-diffusion}{subsection.4.1}% 16
\BOOKMARK [2][-]{subsection.4.2}{Sensing accuracy}{section.4}% 17
\BOOKMARK [2][-]{subsection.4.3}{Integrate \046 switch mechanism}{section.4}% 18
\BOOKMARK [2][-]{subsection.4.4}{Model code}{section.4}% 19
\BOOKMARK [2][-]{subsection.4.5}{Notes on parameterisation}{section.4}% 20
\BOOKMARK [3][-]{subsubsection.4.5.1}{Notes and further references}{subsection.4.5}% 21
\BOOKMARK [3][-]{subsubsection.4.5.2}{Parameterisation of the sensing accuracy}{subsection.4.5}% 22
